<?xml version="1.0" encoding="UTF-8"?>
<!-- Generated by org.testng.reporters.JUnitReportReporter -->
<testsuite hostname="DESKTOP-0VAADNS" failures="0" tests="1" name="runner.Runner" time="22.606" errors="0" timestamp="2024-07-10T21:03:17 IST" skipped="0">
  <testcase classname="runner.Runner" name="runScenario" time="22.606"/>
</testsuite> <!-- runner.Runner -->
