<?xml version="1.0" encoding="UTF-8"?>
<!-- Generated by org.testng.reporters.JUnitReportReporter -->
<testsuite hostname="DESKTOP-0VAADNS" failures="0" tests="1" name="tests.ThreeTest" time="16.090" errors="0" timestamp="2024-07-10T19:24:20 IST" skipped="0">
  <testcase classname="tests.ThreeTest" name="testThree" time="16.090"/>
</testsuite> <!-- tests.ThreeTest -->
