<?xml version="1.0" encoding="UTF-8"?>
<!-- Generated by org.testng.reporters.JUnitReportReporter -->
<testsuite hostname="DESKTOP-0VAADNS" failures="0" tests="1" name="tests.TwoTest" time="16.066" errors="0" timestamp="2024-07-10T19:24:20 IST" skipped="0">
  <testcase classname="tests.TwoTest" name="testTwo" time="16.066"/>
</testsuite> <!-- tests.TwoTest -->
