<?xml version="1.0" encoding="UTF-8"?>
<!-- Generated by org.testng.reporters.JUnitReportReporter -->
<testsuite hostname="DESKTOP-0VAADNS" failures="0" tests="2" name="tests.LoginTest" time="33.391" errors="0" timestamp="2024-07-10T19:24:20 IST" skipped="0">
  <testcase classname="tests.LoginTest" name="login" time="24.705"/>
  <testcase classname="tests.LoginTest" name="login" time="8.686"/>
</testsuite> <!-- tests.LoginTest -->
