<?xml version="1.0" encoding="UTF-8"?>
<!-- Generated by org.testng.reporters.JUnitReportReporter -->
<testsuite hostname="DESKTOP-0VAADNS" failures="0" tests="2" name="tests.LoginTest" time="50.487" errors="0" timestamp="2024-07-08T21:05:32 IST" skipped="0">
  <testcase classname="tests.LoginTest" name="login" time="17.057"/>
  <testcase classname="tests.LoginTest" name="login" time="33.430"/>
</testsuite> <!-- tests.LoginTest -->
